<?xml version="1.0" encoding="UTF-8"?>
<testsuite name="com.example.romy.pruebacomida.ExampleUnitTest" tests="1" skipped="0" failures="0" errors="0" timestamp="2016-08-11T09:54:19" hostname="romy-VPCF13M1E" time="0.001">
  <properties/>
  <testcase name="addition_isCorrect" classname="com.example.romy.pruebacomida.ExampleUnitTest" time="0.001"/>
  <system-out><![CDATA[]]></system-out>
  <system-err><![CDATA[]]></system-err>
</testsuite>
